
--- API ERROR AT 2026-05-07 06:43:59.660696+00:00 ---
Source: Bangalore, Dest: Chennai, Via: 
Error: Unable to fetch route analysis at the moment (invalid response format)
------------------------------

--- API ERROR AT 2026-05-07 06:44:17.440593+00:00 ---
Source: Bangalore, Dest: Chennai, Via: 
Error: Unable to fetch route analysis at the moment (invalid response format)
------------------------------

--- UNHANDLED EXCEPTION AT 2026-05-07 06:49:17.699567+00:00 ---
Traceback (most recent call last):
  File "D:\Route-Analysis\Backend\functions\views.py", line 128, in analyze_route_api
    response_data, error = get_route_analysis_data(source_name, dest_name, via_name)
                           ~~~~~~~~~~~~~~~~~~~~~~~^^^^^^^^^^^^^^^^^^^^^^^^^^^^^^^^^^
  File "D:\Route-Analysis\Backend\functions\views.py", line 46, in get_route_analysis_data
    ai_data, ai_error = generate_route_analysis(source_name, dest_name, via_name)
                        ~~~~~~~~~~~~~~~~~~~~~~~^^^^^^^^^^^^^^^^^^^^^^^^^^^^^^^^^^
  File "D:\Route-Analysis\Backend\functions\ai_fallback.py", line 20, in generate_route_analysis
    1. route_summary: { "path": "string", "total_distance": int, "estimated_time": float }
                      ^^^^^^^^^^^^^^^^^^^^^^^^^^^^^^^^^^^^^^^^^^^^^^^^^^^^^^^^^^^^^^^^^^^^
ValueError: Invalid format specifier ' "string", "total_distance": int, "estimated_time": float ' for object of type 'str'
------------------------------

--- UNHANDLED EXCEPTION AT 2026-05-07 06:49:17.838835+00:00 ---
Traceback (most recent call last):
  File "D:\Route-Analysis\Backend\functions\views.py", line 128, in analyze_route_api
    response_data, error = get_route_analysis_data(source_name, dest_name, via_name)
                           ~~~~~~~~~~~~~~~~~~~~~~~^^^^^^^^^^^^^^^^^^^^^^^^^^^^^^^^^^
  File "D:\Route-Analysis\Backend\functions\views.py", line 46, in get_route_analysis_data
    ai_data, ai_error = generate_route_analysis(source_name, dest_name, via_name)
                        ~~~~~~~~~~~~~~~~~~~~~~~^^^^^^^^^^^^^^^^^^^^^^^^^^^^^^^^^^
  File "D:\Route-Analysis\Backend\functions\ai_fallback.py", line 20, in generate_route_analysis
    1. route_summary: { "path": "string", "total_distance": int, "estimated_time": float }
                      ^^^^^^^^^^^^^^^^^^^^^^^^^^^^^^^^^^^^^^^^^^^^^^^^^^^^^^^^^^^^^^^^^^^^
ValueError: Invalid format specifier ' "string", "total_distance": int, "estimated_time": float ' for object of type 'str'
------------------------------

--- UNHANDLED EXCEPTION AT 2026-05-07 06:49:21.915180+00:00 ---
Traceback (most recent call last):
  File "D:\Route-Analysis\Backend\functions\views.py", line 128, in analyze_route_api
    response_data, error = get_route_analysis_data(source_name, dest_name, via_name)
                           ~~~~~~~~~~~~~~~~~~~~~~~^^^^^^^^^^^^^^^^^^^^^^^^^^^^^^^^^^
  File "D:\Route-Analysis\Backend\functions\views.py", line 46, in get_route_analysis_data
    ai_data, ai_error = generate_route_analysis(source_name, dest_name, via_name)
                        ~~~~~~~~~~~~~~~~~~~~~~~^^^^^^^^^^^^^^^^^^^^^^^^^^^^^^^^^^
  File "D:\Route-Analysis\Backend\functions\ai_fallback.py", line 20, in generate_route_analysis
    1. route_summary: { "path": "string", "total_distance": int, "estimated_time": float }
                      ^^^^^^^^^^^^^^^^^^^^^^^^^^^^^^^^^^^^^^^^^^^^^^^^^^^^^^^^^^^^^^^^^^^^
ValueError: Invalid format specifier ' "string", "total_distance": int, "estimated_time": float ' for object of type 'str'
------------------------------

<<<<<<< HEAD
--- JSON DECODE ERROR AT 2026-05-08 10:11:37.463720+00:00 ---
Error: Unterminated string starting at: line 3 column 13 (char 35)
Raw Content: 
{
  "route_summary": {
    "path": "Chennai - Coimbatore: NH 45, NH 209, NH 209, NH 209, NH 209, NH 209, NH 209, NH 209, NH 209, NH 209, NH 209, NH 209, NH 209, NH 209, NH 209, NH 209, NH 209, NH 209, NH 209, NH 209, NH 209, NH 209, NH 209, NH 209, NH 209, NH 209, NH 209, NH 209, NH 209, NH 209, NH 209, NH 209, NH 209, NH 209, NH 209, NH 209, NH 209, NH 209, NH 209, NH 209, NH 209, NH 209, NH 209, NH 209, NH 209, NH 209, NH 209, NH 209, NH 209, NH 209, NH 209, NH 209, NH 209, NH 209, NH 209, NH 209, NH 209, NH 209, NH 209, NH 209, NH 209, NH 209, NH 209, NH 209, NH 209, NH 209, NH 209, NH 209, NH 209, NH 209, NH 209, NH 209, NH 209, NH 209, NH 209, NH 209, NH 209, NH 209, NH 209, NH 209, NH 209, NH 209, NH 209, NH 209, NH 209, NH 209, NH 209, NH 209, NH 209, NH 209, NH 209, NH 209, NH 209, NH 209, NH 209, NH 209, NH 209, NH 209, NH 209, NH 209, NH 209, NH 209, NH 209, NH 209, NH 209, NH 209, NH 209, NH 209, NH 209, NH 209, NH 209, NH 209, NH 209, NH 209, NH 209, NH 209, NH 209, NH 209, NH 209, NH 209, NH 209, NH 209, NH 209, NH 209, NH 209, NH 209, NH 209, NH 209, NH 209, NH 209, NH 209, NH 209, NH 209, NH 209, NH 209, NH 209, NH 209, NH 209, NH 209, NH 209, NH 209, NH 209, NH 209, NH 209, NH 209, NH 209, NH 209, NH 209, NH 209, NH 209, NH 209, NH 209, NH 209, NH 209, NH 209, NH 209, NH 209, NH 209, NH 209, NH 209, NH 209, NH 209, NH 209, NH 209, NH 209, NH 209, NH 209, NH 209, NH 209, NH 209, NH 209, NH 209, NH 209, NH 209, NH 209, NH 209, NH 209, NH 209, NH 209, NH 209, NH 209, NH 209, NH 209, NH 209, NH 209, NH 209, NH 209, NH 209, NH 209, NH 209, NH 209, NH 209, NH 209, NH 209, NH 209, NH 209, NH 209, NH 209, NH 209, NH 209, NH 209, NH 209, NH 209, NH 209, NH 209, NH 209, NH 209, NH 209, NH 209, NH 209, NH 209, NH 209, NH 209, NH 209, NH 209, NH 209, NH 209, NH 209, NH 209, NH 209, NH 209, NH 209, NH 209, NH 209, NH 209, NH 209, NH 209, NH 209, NH 209, NH 209, NH 209, NH 209, NH 209, NH 209, NH 209, NH 209, NH 209, NH 209, NH 209, NH 209, NH 209, NH 209, NH 209, NH 209, NH 209, NH 209, NH 209, NH 209, NH 209, NH 209, NH 209, NH 209, NH 209, NH 209, NH 209, NH 209, NH 209, NH 209, NH 209, NH 209, NH 209, NH 209, NH 209, NH 209, NH 209, NH 209, NH 209, NH 209, NH 209, NH 209, NH 209, NH 209, NH 209, NH 209, NH 209, NH 209, NH 209, NH 209, NH 209, NH 209, NH 209, NH 209, NH 209, NH 209, NH 209, NH 209, NH 209, NH 209, NH 209, NH 209, NH 209, NH 209, NH 209, NH 209, NH 209, NH 209, NH 209, NH 209, NH 209, NH 209, NH 209, NH 209, NH 209, NH 209, NH 209, NH 209, NH 209, NH 209, NH 209, NH 209, NH 209, NH 209, NH 209, NH 209, NH 209, NH 209, NH 209, NH 209, NH 209, NH 209, NH 209, NH 209, NH 209, NH 209, NH 209, NH 209, NH 209, NH 209, NH 209, NH 209, NH 209, NH 209, NH 209, NH 209, NH 209, NH 209, NH 209, NH 209, NH 209, NH 209, NH 209, NH 209, NH 209, NH 209, NH 209, NH 209, NH 209, NH 209, NH 209, NH 209, NH 209, NH 209, NH 209, NH 209, NH 209, NH 209, NH 209, NH 209, NH 209, NH 209, NH 209, NH 209, NH 209, NH 209, NH 209, NH 209, NH 209, NH 209, NH 209, NH 209, NH 209, NH 209, NH 209, NH 209, NH 209, NH 209, NH 209, NH 209, NH 209, NH 209, NH 209, NH 209, NH 209, NH 209, NH 209, NH 209, NH 209, NH 209, NH 209, NH 209, NH 209, NH 209, NH 209, NH 209, NH 209, NH 209, NH 209, NH 209, NH 209, NH 209, NH 209, NH 209, NH 209, NH 209, NH 209, NH 209, NH 209, NH 209, NH 209, NH 209, NH 209, NH 209, NH 209, NH 209, NH 209, NH 209, NH 209, NH 209, NH 209, NH 209, NH 209, NH 209, NH 209, NH 209, NH 209, NH 209, NH 209, NH 209, NH 209, NH 209, NH 209, NH 209, NH 209, NH 209, NH 209, NH 209, NH 209, NH 209, NH 209, NH 209, NH 209, NH 209, NH 209, NH 209, NH 209, NH 209, NH 209, NH 209, NH 209, NH 209, NH 209, NH 209, NH 209, NH 209, NH 209, NH 209, NH 209, NH 209, NH 209, NH 209, NH 209, NH 209, NH 209, NH 209, NH 209, NH 209, NH 209, NH 209, NH 209, NH 209, NH 209, NH 209, NH 209, NH 209, NH 209, NH 209, NH 209, NH 209, NH 209, NH 209, NH 209, NH 209, NH 209, NH 209, NH 209, NH 209, NH 209, NH 209, NH 209, NH 209, NH 209, NH 209, NH 209, NH 209, NH 209, NH 209, NH 209, NH 209, NH 209, NH 209, NH 209, NH 209, NH 209, NH 209, NH 209, NH 209, NH 209, NH 209, NH 209, NH 209, NH 209, NH 209, NH 209, NH 209, NH 209, NH 209, NH 209, NH 209, NH 209, NH 209, NH 209, NH 209, NH 209, NH 209, NH 209, NH 209, NH 209, NH 209, NH 209, NH 209, NH 209, NH 209, NH 209, NH 209, NH 209, NH 209, NH 209, NH 209, NH 209, NH 209, NH 209, NH 209, NH 209, NH 209, NH 209, NH 209, NH 209, NH 209, NH 209, NH 209, NH 209, NH 209, NH 209, NH 209, NH 209, NH 209, NH 209, NH 209, NH 209, NH 209, NH 209, NH 209, NH 209, NH 209, NH 209, NH 209, NH 209, NH 209, NH 209, NH 209, NH 209, NH 209, NH 209, NH 209, NH 209, NH 209, NH 209, NH 209, NH 209, NH 209, NH 209, NH 209, NH 209, NH 209, NH 209, NH 209, NH 209, NH 209, NH 209, NH 209, NH 209, NH 209, NH 209, NH 209, NH 209, NH 209, NH 209, NH 209, NH 209, NH 209, NH 209, NH 209, NH 209, NH 209, NH 209, NH 209, NH 209, NH 209, NH 209, NH 209, NH 209, NH 209, NH 209, NH 209, NH 209, NH 209, NH 209, NH 209, NH 209, NH 209, NH 209, NH 209, NH 209, NH 209, NH 209, NH 209, NH 209, NH 209, NH 209, NH 209, NH 209, NH 209, NH 209, NH 209, NH 209, NH 209, NH 209, NH 209, NH 209, NH 209, NH 209, NH 209, NH 209, NH 209, NH 209, NH 209, NH 209, NH 209, NH 209, NH 209, NH 209, NH 209, NH 209, NH 209, NH 209, NH 209, NH 209, NH 209, NH 209, NH 209, NH 209, NH 209, NH 209, NH 209, NH 209, NH 209, NH 209, NH 209, NH 209, NH 209, NH 209, NH 209, NH 209, NH 209, NH 209, NH 209, NH 209, NH 209, NH 209, NH 209, NH 209, NH 209, NH 209, NH 209, NH 209, NH 209, NH 209, NH 209, NH 209, NH 209, NH 209, NH 209, NH 209, NH 209, NH 209, NH 209, NH 209, NH 209, NH 209, NH 209, NH 209, NH 209, NH 209, NH 209, NH 209, NH 209, NH 209, NH 209, NH 209, NH 209, NH 209, NH 209, NH 209, NH 209, NH 209, NH 209, NH 209, NH 209, NH 209, NH 209, NH 209, NH 209, NH 209, NH 209, NH 209, NH 209, NH 209, NH 209, NH 209, NH 209, NH 209, NH 209, NH 209, NH 209, NH 209, NH 209, NH 209, NH 209, NH 209, NH 209, NH 209, NH 209, NH 209, NH 209, NH 209, NH 209, NH 209, NH 209, NH 209, NH 209, NH 209, NH 209, NH 209, NH 209, NH 209, NH 209, NH 209, NH 209, NH 209, NH 209, NH 209, NH 209, NH 209, NH 209, NH 209, NH 209, NH 209, NH 209, NH 209, NH 209, NH 209, NH 209, NH 209, NH 209, NH 209, NH 209, NH 209, NH 209, NH 209, NH 209, NH 209, NH 209, NH 209, NH 209, NH 209, NH 209, NH 209, NH 209, NH 209, NH 209, NH 209, NH 209, NH 209, NH 209, NH 209, NH 209, NH 209, NH 209, NH 209, NH 209, NH 209, NH 209, NH 209, NH 209, NH 209, NH 209, NH 209, NH 209, NH 209, NH 209, NH 209, NH 209, NH 209, NH 209, NH 209, NH 209, NH 209, NH 209, NH 209, NH 209, NH 209, NH 209, NH 209, NH 209, NH 209, NH 209, NH 209, NH 209, NH 209, NH 209, NH 209, NH 209, NH 209, NH 209, NH 209, NH 209, NH 209, NH 209, NH 209, NH 209, NH 209, NH 209, NH 209, NH 209, NH 209, NH 209, NH 209, NH 209, NH 209, NH 209, NH 209, NH 209, NH 209, NH 209, NH 209, NH 209, NH 209, NH 209, NH 209, NH 209, NH 209, NH 209, NH 209, NH 209, NH 209, NH 209, NH 209, NH 209, NH 209, NH 209, NH 209, NH 209, NH 209, NH 209, NH 209, NH 209, NH 209, NH 209, NH 209, NH 209, NH 209, NH 209, NH 209, NH 209, NH 209, NH 209, NH 209, NH 209, NH 209, NH 209, NH 209, NH 209, NH 209, NH 209, NH 209, NH 209, NH 209, NH 209, NH 209, NH 209, NH 209, NH 209, NH 209, NH 209, NH 209, NH 209, NH 209, NH 209, NH 209, NH 209, NH 209, NH 209, NH 209, NH 209, NH 209, NH 209, NH 209, NH 209, NH 209, NH 209, NH 209, NH 209, NH 209, NH 209, NH 209, NH 209, NH 209, NH 209, NH 209, NH 209, NH 209, NH 209, NH 209, NH 209, NH 209, NH 209, NH 209, NH 209, NH 209, NH 209, NH 209, NH 209, NH 209, NH 209, NH 209, NH 209, NH 209, NH 209, NH 209, NH 209, NH 209, NH 209, NH 209, NH 209, NH 209, NH 209, NH 209, NH 209, NH 209, NH 209, NH 209, NH 209, NH 209, NH 209, NH 209, NH 209, NH 209, NH 209, NH 209, NH 209, NH 209, NH 209, NH 209, NH 209, NH 209, NH 209, NH 209, NH 209, NH 209, NH 209, NH 209, NH 209, NH 209, NH 209, NH 209, NH 209, NH 209, NH 209, NH 209, NH 209, NH 209, NH 209, NH 209, NH 209, NH 209, NH 209, NH 209, NH 209, NH 209, NH 209, NH 209, NH 209, NH 209, NH 209, NH 209, NH 209, NH 209, NH 209, NH 209, NH 209, NH 209, NH 209, NH 209, NH 209, NH 209, NH 209, NH 209, NH 209, NH
------------------------------

--- API ERROR AT 2026-05-08 10:11:37.498537+00:00 ---
Source: chennai, Dest: coimbatore, Via: 
Error: Unable to fetch route analysis at the moment (invalid response format)
------------------------------

--- JSON DECODE ERROR AT 2026-05-08 10:21:30.759199+00:00 ---
Error: Unterminated string starting at: line 3 column 13 (char 35)
Raw Content: 
{
  "route_summary": {
    "path": "Chennai - Coimbatore: NH 45, NH 209, NH 209, NH 209, NH 209, NH 209, NH 209, NH 209, NH 209, NH 209, NH 209, NH 209, NH 209, NH 209, NH 209, NH 209, NH 209, NH 209, NH 209, NH 209, NH 209, NH 209, NH 209, NH 209, NH 209, NH 209, NH 209, NH 209, NH 209, NH 209, NH 209, NH 209, NH 209, NH 209, NH 209, NH 209, NH 209, NH 209, NH 209, NH 209, NH 209, NH 209, NH 209, NH 209, NH 209, NH 209, NH 209, NH 209, NH 209, NH 209, NH 209, NH 209, NH 209, NH 209, NH 209, NH 209, NH 209, NH 209, NH 209, NH 209, NH 209, NH 209, NH 209, NH 209, NH 209, NH 209, NH 209, NH 209, NH 209, NH 209, NH 209, NH 209, NH 209, NH 209, NH 209, NH 209, NH 209, NH 209, NH 209, NH 209, NH 209, NH 209, NH 209, NH 209, NH 209, NH 209, NH 209, NH 209, NH 209, NH 209, NH 209, NH 209, NH 209, NH 209, NH 209, NH 209, NH 209, NH 209, NH 209, NH 209, NH 209, NH 209, NH 209, NH 209, NH 209, NH 209, NH 209, NH 209, NH 209, NH 209, NH 209, NH 209, NH 209, NH 209, NH 209, NH 209, NH 209, NH 209, NH 209, NH 209, NH 209, NH 209, NH 209, NH 209, NH 209, NH 209, NH 209, NH 209, NH 209, NH 209, NH 209, NH 209, NH 209, NH 209, NH 209, NH 209, NH 209, NH 209, NH 209, NH 209, NH 209, NH 209, NH 209, NH 209, NH 209, NH 209, NH 209, NH 209, NH 209, NH 209, NH 209, NH 209, NH 209, NH 209, NH 209, NH 209, NH 209, NH 209, NH 209, NH 209, NH 209, NH 209, NH 209, NH 209, NH 209, NH 209, NH 209, NH 209, NH 209, NH 209, NH 209, NH 209, NH 209, NH 209, NH 209, NH 209, NH 209, NH 209, NH 209, NH 209, NH 209, NH 209, NH 209, NH 209, NH 209, NH 209, NH 209, NH 209, NH 209, NH 209, NH 209, NH 209, NH 209, NH 209, NH 209, NH 209, NH 209, NH 209, NH 209, NH 209, NH 209, NH 209, NH 209, NH 209, NH 209, NH 209, NH 209, NH 209, NH 209, NH 209, NH 209, NH 209, NH 209, NH 209, NH 209, NH 209, NH 209, NH 209, NH 209, NH 209, NH 209, NH 209, NH 209, NH 209, NH 209, NH 209, NH 209, NH 209, NH 209, NH 209, NH 209, NH 209, NH 209, NH 209, NH 209, NH 209, NH 209, NH 209, NH 209, NH 209, NH 209, NH 209, NH 209, NH 209, NH 209, NH 209, NH 209, NH 209, NH 209, NH 209, NH 209, NH 209, NH 209, NH 209, NH 209, NH 209, NH 209, NH 209, NH 209, NH 209, NH 209, NH 209, NH 209, NH 209, NH 209, NH 209, NH 209, NH 209, NH 209, NH 209, NH 209, NH 209, NH 209, NH 209, NH 209, NH 209, NH 209, NH 209, NH 209, NH 209, NH 209, NH 209, NH 209, NH 209, NH 209, NH 209, NH 209, NH 209, NH 209, NH 209, NH 209, NH 209, NH 209, NH 209, NH 209, NH 209, NH 209, NH 209, NH 209, NH 209, NH 209, NH 209, NH 209, NH 209, NH 209, NH 209, NH 209, NH 209, NH 209, NH 209, NH 209, NH 209, NH 209, NH 209, NH 209, NH 209, NH 209, NH 209, NH 209, NH 209, NH 209, NH 209, NH 209, NH 209, NH 209, NH 209, NH 209, NH 209, NH 209, NH 209, NH 209, NH 209, NH 209, NH 209, NH 209, NH 209, NH 209, NH 209, NH 209, NH 209, NH 209, NH 209, NH 209, NH 209, NH 209, NH 209, NH 209, NH 209, NH 209, NH 209, NH 209, NH 209, NH 209, NH 209, NH 209, NH 209, NH 209, NH 209, NH 209, NH 209, NH 209, NH 209, NH 209, NH 209, NH 209, NH 209, NH 209, NH 209, NH 209, NH 209, NH 209, NH 209, NH 209, NH 209, NH 209, NH 209, NH 209, NH 209, NH 209, NH 209, NH 209, NH 209, NH 209, NH 209, NH 209, NH 209, NH 209, NH 209, NH 209, NH 209, NH 209, NH 209, NH 209, NH 209, NH 209, NH 209, NH 209, NH 209, NH 209, NH 209, NH 209, NH 209, NH 209, NH 209, NH 209, NH 209, NH 209, NH 209, NH 209, NH 209, NH 209, NH 209, NH 209, NH 209, NH 209, NH 209, NH 209, NH 209, NH 209, NH 209, NH 209, NH 209, NH 209, NH 209, NH 209, NH 209, NH 209, NH 209, NH 209, NH 209, NH 209, NH 209, NH 209, NH 209, NH 209, NH 209, NH 209, NH 209, NH 209, NH 209, NH 209, NH 209, NH 209, NH 209, NH 209, NH 209, NH 209, NH 209, NH 209, NH 209, NH 209, NH 209, NH 209, NH 209, NH 209, NH 209, NH 209, NH 209, NH 209, NH 209, NH 209, NH 209, NH 209, NH 209, NH 209, NH 209, NH 209, NH 209, NH 209, NH 209, NH 209, NH 209, NH 209, NH 209, NH 209, NH 209, NH 209, NH 209, NH 209, NH 209, NH 209, NH 209, NH 209, NH 209, NH 209, NH 209, NH 209, NH 209, NH 209, NH 209, NH 209, NH 209, NH 209, NH 209, NH 209, NH 209, NH 209, NH 209, NH 209, NH 209, NH 209, NH 209, NH 209, NH 209, NH 209, NH 209, NH 209, NH 209, NH 209, NH 209, NH 209, NH 209, NH 209, NH 209, NH 209, NH 209, NH 209, NH 209, NH 209, NH 209, NH 209, NH 209, NH 209, NH 209, NH 209, NH 209, NH 209, NH 209, NH 209, NH 209, NH 209, NH 209, NH 209, NH 209, NH 209, NH 209, NH 209, NH 209, NH 209, NH 209, NH 209, NH 209, NH 209, NH 209, NH 209, NH 209, NH 209, NH 209, NH 209, NH 209, NH 209, NH 209, NH 209, NH 209, NH 209, NH 209, NH 209, NH 209, NH 209, NH 209, NH 209, NH 209, NH 209, NH 209, NH 209, NH 209, NH 209, NH 209, NH 209, NH 209, NH 209, NH 209, NH 209, NH 209, NH 209, NH 209, NH 209, NH 209, NH 209, NH 209, NH 209, NH 209, NH 209, NH 209, NH 209, NH 209, NH 209, NH 209, NH 209, NH 209, NH 209, NH 209, NH 209, NH 209, NH 209, NH 209, NH 209, NH 209, NH 209, NH 209, NH 209, NH 209, NH 209, NH 209, NH 209, NH 209, NH 209, NH 209, NH 209, NH 209, NH 209, NH 209, NH 209, NH 209, NH 209, NH 209, NH 209, NH 209, NH 209, NH 209, NH 209, NH 209, NH 209, NH 209, NH 209, NH 209, NH 209, NH 209, NH 209, NH 209, NH 209, NH 209, NH 209, NH 209, NH 209, NH 209, NH 209, NH 209, NH 209, NH 209, NH 209, NH 209, NH 209, NH 209, NH 209, NH 209, NH 209, NH 209, NH 209, NH 209, NH 209, NH 209, NH 209, NH 209, NH 209, NH 209, NH 209, NH 209, NH 209, NH 209, NH 209, NH 209, NH 209, NH 209, NH 209, NH 209, NH 209, NH 209, NH 209, NH 209, NH 209, NH 209, NH 209, NH 209, NH 209, NH 209, NH 209, NH 209, NH 209, NH 209, NH 209, NH 209, NH 209, NH 209, NH 209, NH 209, NH 209, NH 209, NH 209, NH 209, NH 209, NH 209, NH 209, NH 209, NH 209, NH 209, NH 209, NH 209, NH 209, NH 209, NH 209, NH 209, NH 209, NH 209, NH 209, NH 209, NH 209, NH 209, NH 209, NH 209, NH 209, NH 209, NH 209, NH 209, NH 209, NH 209, NH 209, NH 209, NH 209, NH 209, NH 209, NH 209, NH 209, NH 209, NH 209, NH 209, NH 209, NH 209, NH 209, NH 209, NH 209, NH 209, NH 209, NH 209, NH 209, NH 209, NH 209, NH 209, NH 209, NH 209, NH 209, NH 209, NH 209, NH 209, NH 209, NH 209, NH 209, NH 209, NH 209, NH 209, NH 209, NH 209, NH 209, NH 209, NH 209, NH 209, NH 209, NH 209, NH 209, NH 209, NH 209, NH 209, NH 209, NH 209, NH 209, NH 209, NH 209, NH 209, NH 209, NH 209, NH 209, NH 209, NH 209, NH 209, NH 209, NH 209, NH 209, NH 209, NH 209, NH 209, NH 209, NH 209, NH 209, NH 209, NH 209, NH 209, NH 209, NH 209, NH 209, NH 209, NH 209, NH 209, NH 209, NH 209, NH 209, NH 209, NH 209, NH 209, NH 209, NH 209, NH 209, NH 209, NH 209, NH 209, NH 209, NH 209, NH 209, NH 209, NH 209, NH 209, NH 209, NH 209, NH 209, NH 209, NH 209, NH 209, NH 209, NH 209, NH 209, NH 209, NH 209, NH 209, NH 209, NH 209, NH 209, NH 209, NH 209, NH 209, NH 209, NH 209, NH 209, NH 209, NH 209, NH 209, NH 209, NH 209, NH 209, NH 209, NH 209, NH 209, NH 209, NH 209, NH 209, NH 209, NH 209, NH 209, NH 209, NH 209, NH 209, NH 209, NH 209, NH 209, NH 209, NH 209, NH 209, NH 209, NH 209, NH 209, NH 209, NH 209, NH 209, NH 209, NH 209, NH 209, NH 209, NH 209, NH 209, NH 209, NH 209, NH 209, NH 209, NH 209, NH 209, NH 209, NH 209, NH 209, NH 209, NH 209, NH 209, NH 209, NH 209, NH 209, NH 209, NH 209, NH 209, NH 209, NH 209, NH 209, NH 209, NH 209, NH 209, NH 209, NH 209, NH 209, NH 209, NH 209, NH 209, NH 209, NH 209, NH 209, NH 209, NH 209, NH 209, NH 209, NH 209, NH 209, NH 209, NH 209, NH 209, NH 209, NH 209, NH 209, NH 209, NH 209, NH 209, NH 209, NH 209, NH 209, NH 209, NH 209, NH 209, NH 209, NH 209, NH 209, NH 209, NH 209, NH 209, NH 209, NH 209, NH 209, NH 209, NH 209, NH 209, NH 209, NH 209, NH 209, NH 209, NH 209, NH 209, NH 209, NH 209, NH 209, NH 209, NH 209, NH 209, NH 209, NH 209, NH 209, NH 209, NH 209, NH 209, NH 209, NH 209, NH 209, NH 209, NH 209, NH 209, NH 209, NH 209, NH 209, NH 209, NH 209, NH 209, NH 209, NH 209, NH 209, NH 209, NH 209, NH 209, NH 209, NH 209, NH 209, NH 209, NH 209, NH 209, NH 209, NH 209, NH 209, NH 209, NH 209, NH 209, NH 209, NH 209, NH 209, NH 209, NH 209, NH 209, NH 209, NH 209, NH 209, NH 209, NH 209, NH 209, NH 209, NH 209, NH 209, NH 209, NH 209, NH 209, NH 209, NH 209, NH 209, NH 209, NH 209, NH 209, NH 209, NH 209, NH 209, NH 209, NH 209, NH 209, NH 209, NH 209, NH 209, NH 209, NH 209, NH 209, NH 209, NH
------------------------------

--- API ERROR AT 2026-05-08 10:21:30.854169+00:00 ---
Source: chennai, Dest: coimbatore, Via: 
Error: Unable to fetch route analysis at the moment (invalid response format)
------------------------------

--- JSON DECODE ERROR AT 2026-05-08 11:27:00.459866+00:00 ---
Error: Expecting property name enclosed in double quotes: line 14 column 18 (char 284)
Raw Content: 
{
  "route_summary": {
    "path": "Chennai - Coimbatore: NH 45",
    "total_distance": 341,
    "estimated_time": 5.5
  },
  "population_data": {
    "source": {
      "name": "Chennai",
      "count": 4491954
    },
    "destination": {
      "name": "Coimbatore",
      "count": 1,048,925
    }
  },
  "area_segmentation": {
    "job_business_areas": [
      "IT Park",
      "Tidel Park",
      "EPIP Zone"
    ],
    "student_areas": [
      "Anna University",
      "Madras University",
      "SRM University"
    ],
    "tourist_areas": [
      "Marina Beach",
      "Guindy National Park",
      "VGP Universal Kingdom"
    ]
  },
  "visitor_data": [
    {
      "place_name": "Chennai",
      "yearly": 1000000,
      "daily": 25000
    },
    {
      "place_name": "Coimbatore",
      "yearly": 500000,
      "daily": 15000
    }
  ],
  "demand_distribution": [
    {
      "state": "Tamil Nadu",
      "percentage": 80.0,
      "cities": [
        {
          "name": "Chennai",
          "percentage": 60.0
        },
        {
          "name": "Coimbatore",
          "percentage": 20.0
        }
      ]
    }
  ],
  "distance_details": [
    {
      "segment": "Chennai to Salem",
      "distance_km": 170
    },
    {
      "segment": "Salem to Coimbatore",
      "distance_km": 171
    }
  ],
  "transport_distribution": {
    "bus": 40.0,
    "train": 30.0,
    "car": 20.0,
    "taxi": 5.0,
    "flight": 5.0
  },
  "logistics_services": {
    "parcel_movement": {
      "bus": 30.0,
      "train": 20.0,
      "courier": 20.0,
      "taxi": 30.0
    },
    "modes_used": [
      "Road",
      "Rail"
    ]
  },
  "transport_schedule": [
    {
      "from": "Coimbatore",
      "to": "Chennai",
      "bus_trips": 50,
      "train_trips": 20
    }
  ],
  "suggested_routes": [
    {
      "option": 1,
      "path": "Chennai - Salem - Coimbatore",
      "distance": 341,
      "time": 5.5
    },
    {
      "option": 2,
      "path": "Chennai - Erode - Coimbatore",
      "distance": 350,
      "time": 6.0
    }
  ],
  "dashboard_data": {
    "traffic_trends": [
      {
        "time": "Morning",
        "value": 50
      },
      {
        "time": "Evening",
        "value": 30
      }
    ],
    "travel_time_by_hour": [
      {
        "hour": "6:00 AM",
        "minutes": 30
      },
      {
        "hour": "12:00 PM",
        "minutes": 45
      }
    ],
    "live_updates": [
      {
        "incident": "Road Closure",
        "severity": "High",
        "time": "10:00 AM"
      }
    ],
    "weather": {
      "impact": "Low",
      "details": "Sunny with a high of 28°C"
    },
    "area_potential": [
      {
        "district": "Chennai",
        "population": 4491954,
        "potential_score": 80,
        "business_potential": "High",
        "growth_rate": 2.5,
        "sectors": [
          {
            "name": "IT",
            "score": 90
          },
          {
            "name": "Manufacturing",
            "score": 70
          }
        ]
      },
      {
        "district": "Coimbatore",
        "population": 1048925,
        "potential_score": 60,
        "business_potential": "Medium",
        "growth_rate": 3.0,
        "sectors": [
          {
            "name": "Textiles",
            "score": 80
          },
          {
            "name": "Automotive",
            "score": 60
          }
        ]
      }
    ],
    "corridor_potential": {
      "business": 70,
      "student": 30,
      "tourist": 20
    }
  }
}

------------------------------

--- API ERROR AT 2026-05-08 11:27:00.570028+00:00 ---
Source: chennai, Dest: coimbatore, Via: 
Error: Unable to fetch route analysis at the moment (invalid response format)
=======
--- API ERROR AT 2026-05-08 10:27:08.932539+00:00 ---
Source: Coimbatore, Dest: Chennai, Via: 
Error: Unable to fetch route analysis at the moment (request timed out)
------------------------------

--- API ERROR AT 2026-05-08 10:27:08.955307+00:00 ---
Source: Coimbatore, Dest: Chennai, Via: 
Error: Unable to fetch route analysis at the moment (request timed out)
>>>>>>> ec5125e366e120048d604954595139e97c6a0cff
------------------------------

--- API ERROR AT 2026-05-09 09:46:53.658130+00:00 ---
Source: Chennai, Dest: Coimbatore, Via: 
Error: Unable to fetch route analysis at the moment (request timed out)
------------------------------

<<<<<<< HEAD
--- API ERROR AT 2026-05-08 11:33:56.143741+00:00 ---
Source: Coimbatore, Dest: Chennai, Via: 
Error: Unable to fetch route analysis at the moment (request timed out)
------------------------------

--- API ERROR AT 2026-05-08 11:35:38.879515+00:00 ---
Source: Coimbatore, Dest: Chennai, Via: 
Error: Unable to fetch route analysis at the moment (request timed out)
------------------------------

--- API ERROR AT 2026-05-08 11:36:39.625603+00:00 ---
Source: Coimbatore, Dest: Chennai, Via: 
Error: Unable to fetch route analysis at the moment (request timed out)
=======
--- JSON DECODE ERROR AT 2026-05-11 05:34:57.918223+00:00 ---
Error: Expecting property name enclosed in double quotes: line 14 column 18 (char 297)
Raw Content: 
{
  "route_summary": {
    "path": "Chennai -> Thiruvannamalai -> Coimbatore",
    "total_distance": 540,
    "estimated_time": 8.5
  },
  "population_data": {
    "source": {
      "name": "Chennai",
      "count": 4491954
    },
    "destination": {
      "name": "Coimbatore",
      "count": 1,060,450
    }
  },
  "area_segmentation": {
    "job_business_areas": [
      "Tidel Park",
      "Guindy",
      "Anna Nagar"
    ],
    "student_areas": [
      "T Nagar",
      "Purasawalkam",
      "Adyar"
    ],
    "tourist_areas": [
      "Marina Beach",
      "Fort St. George",
      "Valluvar Kottam"
    ]
  },
  "visitor_data": [
    {
      "place_name": "Thiruvannamalai Temple",
      "yearly": 500000,
      "daily": 15000
    },
    {
      "place_name": "Kumbakonam",
      "yearly": 200000,
      "daily": 5000
    }
  ],
  "demand_distribution": [
    {
      "state": "Tamil Nadu",
      "percentage": 80.0,
      "cities": [
        {
          "name": "Chennai",
          "percentage": 60.0
        },
        {
          "name": "Coimbatore",
          "percentage": 20.0
        }
      ]
    },
    {
      "state": "Andhra Pradesh",
      "percentage": 10.0,
      "cities": [
        {
          "name": "Visakhapatnam",
          "percentage": 5.0
        }
      ]
    }
  ],
  "distance_details": [
    {
      "segment": "Chennai to Thiruvannamalai",
      "distance_km": 180
    },
    {
      "segment": "Thiruvannamalai to Coimbatore",
      "distance_km": 360
    }
  ],
  "transport_distribution": {
    "bus": 40.0,
    "train": 30.0,
    "car": 20.0,
    "taxi": 5.0,
    "flight": 5.0
  },
  "logistics_services": {
    "parcel_movement": {
      "bus": 60.0,
      "train": 20.0,
      "courier": 10.0,
      "taxi": 10.0
    },
    "modes_used": [
      "Bus",
      "Train",
      "Courier",
      "Taxi"
    ]
  },
  "transport_schedule": [
    {
      "from": "Chennai",
      "to": "Thiruvannamalai",
      "bus_trips": 20,
      "train_trips": 10
    },
    {
      "from": "Thiruvannamalai",
      "to": "Coimbatore",
      "bus_trips": 15,
      "train_trips": 8
    }
  ],
  "suggested_routes": [
    {
      "option": 1,
      "path": "Chennai -> Thiruvannamalai -> Coimbatore",
      "distance": 540,
      "time": 8.5
    },
    {
      "option": 2,
      "path": "Chennai -> Salem -> Coimbatore",
      "distance": 520,
      "time": 8.0
    }
  ],
  "dashboard_data": {
    "traffic_trends": [
      {
        "time": "06:00",
        "value": 100
      },
      {
        "time": "12:00",
        "value": 200
      }
    ],
    "travel_time_by_hour": [
      {
        "hour": "06:00",
        "minutes": 30
      },
      {
        "hour": "12:00",
        "minutes": 45
      }
    ],
    "live_updates": [
      {
        "incident": "Traffic Jam",
        "severity": "High",
        "time": "10:00"
      }
    ],
    "weather": {
      "impact": "Low",
      "details": "Sunny"
    },
    "area_potential": [
      {
        "district": "Chennai",
        "population": 4491954,
        "potential_score": 80,
        "business_potential": "High",
        "growth_rate": 2.5,
        "sectors": [
          {
            "name": "IT",
            "score": 90
          },
          {
            "name": "Manufacturing",
            "score": 80
          }
        ]
      },
      {
        "district": "Coimbatore",
        "population": 1060450,
        "potential_score": 70,
        "business_potential": "Medium",
        "growth_rate": 3.0,
        "sectors": [
          {
            "name": "Textiles",
            "score": 85
          },
          {
            "name": "Automotive",
            "score": 75
          }
        ]
      }
    ],
    "corridor_potential": {
      "business": 80,
      "student": 60,
      "tourist": 40
    }
  }
}

------------------------------

--- API ERROR AT 2026-05-11 05:34:57.930031+00:00 ---
Source: Chennai, Dest: Coimbatore, Via: Thiruvannamalai
Error: Unable to fetch route analysis at the moment (invalid response format)
------------------------------

--- JSON DECODE ERROR AT 2026-05-11 05:46:13.543826+00:00 ---
Error: Expecting property name enclosed in double quotes: line 14 column 18 (char 297)
Raw Content: 
{
  "route_summary": {
    "path": "Chennai -> Thiruvannamalai -> Coimbatore",
    "total_distance": 560,
    "estimated_time": 8.5
  },
  "population_data": {
    "source": {
      "name": "Chennai",
      "count": 4491954
    },
    "destination": {
      "name": "Coimbatore",
      "count": 1,422,615
    }
  },
  "area_segmentation": {
    "job_business_areas": [
      "Tidel Park",
      "Guindy Industrial Estate",
      "Thiruvannamalai Industrial Estate"
    ],
    "student_areas": [
      "Anna University",
      "PSG College of Technology",
      "Sri Eshwara College of Engineering"
    ],
    "tourist_areas": [
      "Marina Beach",
      "Kapaleeswarar Temple",
      "Coimbatore Junction"
    ]
  },
  "visitor_data": [
    {
      "place_name": "Chennai",
      "yearly": 1000000,
      "daily": 25000
    },
    {
      "place_name": "Thiruvannamalai",
      "yearly": 500000,
      "daily": 15000
    },
    {
      "place_name": "Coimbatore",
      "yearly": 2000000,
      "daily": 50000
    }
  ],
  "demand_distribution": [
    {
      "state": "Tamil Nadu",
      "percentage": 80.0,
      "cities": [
        {
          "name": "Chennai",
          "percentage": 60.0
        },
        {
          "name": "Coimbatore",
          "percentage": 20.0
        }
      ]
    }
  ],
  "distance_details": [
    {
      "segment": "Chennai to Thiruvannamalai",
      "distance_km": 200
    },
    {
      "segment": "Thiruvannamalai to Coimbatore",
      "distance_km": 360
    }
  ],
  "transport_distribution": {
    "bus": 40.0,
    "train": 30.0,
    "car": 20.0,
    "taxi": 5.0,
    "flight": 5.0
  },
  "logistics_services": {
    "parcel_movement": {
      "bus": 40.0,
      "train": 30.0,
      "courier": 20.0,
      "taxi": 10.0
    },
    "modes_used": [
      "Bus",
      "Train",
      "Courier",
      "Taxi"
    ]
  },
  "transport_schedule": [
    {
      "from": "Chennai",
      "to": "Coimbatore",
      "bus_trips": 50,
      "train_trips": 20
    }
  ],
  "suggested_routes": [
    {
      "option": 1,
      "path": "Chennai -> Thiruvannamalai -> Coimbatore",
      "distance": 560,
      "time": 8.5
    },
    {
      "option": 2,
      "path": "Chennai -> Salem -> Coimbatore",
      "distance": 580,
      "time": 9.0
    }
  ],
  "dashboard_data": {
    "traffic_trends": [
      {
        "time": "08:00",
        "value": 100
      },
      {
        "time": "12:00",
        "value": 200
      },
      {
        "time": "16:00",
        "value": 300
      }
    ],
    "travel_time_by_hour": [
      {
        "hour": "08:00",
        "minutes": 30
      },
      {
        "hour": "12:00",
        "minutes": 45
      },
      {
        "hour": "16:00",
        "minutes": 60
      }
    ],
    "live_updates": [
      {
        "incident": "Traffic Jam",
        "severity": "High",
        "time": "2023-02-20 12:00:00"
      },
      {
        "incident": "Road Closure",
        "severity": "High",
        "time": "2023-02-20 14:00:00"
      }
    ],
    "weather": {
      "impact": "Low",
      "details": "Sunny with a high of 28°C"
    },
    "area_potential": [
      {
        "district": "Chennai",
        "population": 4491954,
        "potential_score": 80,
        "business_potential": "High",
        "growth_rate": 2.5,
        "sectors": [
          {
            "name": "IT",
            "score": 90
          },
          {
            "name": "Manufacturing",
            "score": 70
          }
        ]
      },
      {
        "district": "Coimbatore",
        "population": 1422615,
        "potential_score": 60,
        "business_potential": "Medium",
        "growth_rate": 3.0,
        "sectors": [
          {
            "name": "IT",
            "score": 80
          },
          {
            "name": "Manufacturing",
            "score": 50
          }
        ]
      }
    ],
    "corridor_potential": {
      "business": 80,
      "student": 60,
      "tourist": 40
    }
  }
}

------------------------------

--- API ERROR AT 2026-05-11 05:46:13.548518+00:00 ---
Source: Chennai, Dest: Coimbatore, Via: Thiruvannamalai
Error: Unable to fetch route analysis at the moment (invalid response format)
>>>>>>> bcf10137420b53ed1f82d74cd4551117f1f11585
------------------------------

--- EXCEPTION AT /api/accounts/login/ ---
Traceback (most recent call last):
  File "C:\Users\DELL\Envs\ai\Lib\site-packages\django\db\backends\utils.py", line 105, in _execute
    return self.cursor.execute(sql, params)
           ^^^^^^^^^^^^^^^^^^^^^^^^^^^^^^^^
  File "C:\Users\DELL\Envs\ai\Lib\site-packages\django\db\backends\sqlite3\base.py", line 359, in execute
    return super().execute(query, params)
           ^^^^^^^^^^^^^^^^^^^^^^^^^^^^^^
sqlite3.OperationalError: no such table: accounts_user

The above exception was the direct cause of the following exception:

Traceback (most recent call last):
  File "C:\Users\DELL\Envs\ai\Lib\site-packages\django\core\handlers\base.py", line 198, in _get_response
    response = wrapped_callback(request, *callback_args, **callback_kwargs)
               ^^^^^^^^^^^^^^^^^^^^^^^^^^^^^^^^^^^^^^^^^^^^^^^^^^^^^^^^^^^^
  File "C:\Users\DELL\Envs\ai\Lib\site-packages\django\views\decorators\csrf.py", line 65, in _view_wrapper
    return view_func(request, *args, **kwargs)
           ^^^^^^^^^^^^^^^^^^^^^^^^^^^^^^^^^^^
  File "C:\Users\DELL\Envs\ai\Lib\site-packages\django\views\generic\base.py", line 106, in view
    return self.dispatch(request, *args, **kwargs)
           ^^^^^^^^^^^^^^^^^^^^^^^^^^^^^^^^^^^^^^^
  File "C:\Users\DELL\Envs\ai\Lib\site-packages\rest_framework\views.py", line 515, in dispatch
    response = self.handle_exception(exc)
               ^^^^^^^^^^^^^^^^^^^^^^^^^^
  File "C:\Users\DELL\Envs\ai\Lib\site-packages\rest_framework\views.py", line 475, in handle_exception
    self.raise_uncaught_exception(exc)
  File "C:\Users\DELL\Envs\ai\Lib\site-packages\rest_framework\views.py", line 486, in raise_uncaught_exception
    raise exc
  File "C:\Users\DELL\Envs\ai\Lib\site-packages\rest_framework\views.py", line 512, in dispatch
    response = handler(request, *args, **kwargs)
               ^^^^^^^^^^^^^^^^^^^^^^^^^^^^^^^^^
  File "D:\Desktop\Route-Analysis\Backend\accounts\views.py", line 35, in post
    if serializer.is_valid():
       ^^^^^^^^^^^^^^^^^^^^^
  File "C:\Users\DELL\Envs\ai\Lib\site-packages\rest_framework\serializers.py", line 225, in is_valid
    self._validated_data = self.run_validation(self.initial_data)
                           ^^^^^^^^^^^^^^^^^^^^^^^^^^^^^^^^^^^^^^
  File "C:\Users\DELL\Envs\ai\Lib\site-packages\rest_framework\serializers.py", line 459, in run_validation
    value = self.validate(value)
            ^^^^^^^^^^^^^^^^^^^^
  File "D:\Desktop\Route-Analysis\Backend\accounts\serializers.py", line 41, in validate
    user = authenticate(request=self.context.get('request'), email=identifier, password=password)
           ^^^^^^^^^^^^^^^^^^^^^^^^^^^^^^^^^^^^^^^^^^^^^^^^^^^^^^^^^^^^^^^^^^^^^^^^^^^^^^^^^^^^^^
  File "C:\Users\DELL\Envs\ai\Lib\site-packages\django\views\decorators\debug.py", line 75, in sensitive_variables_wrapper
    return func(*func_args, **func_kwargs)
           ^^^^^^^^^^^^^^^^^^^^^^^^^^^^^^^
  File "C:\Users\DELL\Envs\ai\Lib\site-packages\django\contrib\auth\__init__.py", line 114, in authenticate
    user = backend.authenticate(request, **credentials)
           ^^^^^^^^^^^^^^^^^^^^^^^^^^^^^^^^^^^^^^^^^^^^
  File "C:\Users\DELL\Envs\ai\Lib\site-packages\django\contrib\auth\backends.py", line 65, in authenticate
    user = UserModel._default_manager.get_by_natural_key(username)
           ^^^^^^^^^^^^^^^^^^^^^^^^^^^^^^^^^^^^^^^^^^^^^^^^^^^^^^^
  File "C:\Users\DELL\Envs\ai\Lib\site-packages\django\contrib\auth\base_user.py", line 37, in get_by_natural_key
    return self.get(**{self.model.USERNAME_FIELD: username})
           ^^^^^^^^^^^^^^^^^^^^^^^^^^^^^^^^^^^^^^^^^^^^^^^^^
  File "C:\Users\DELL\Envs\ai\Lib\site-packages\django\db\models\manager.py", line 87, in manager_method
    return getattr(self.get_queryset(), name)(*args, **kwargs)
           ^^^^^^^^^^^^^^^^^^^^^^^^^^^^^^^^^^^^^^^^^^^^^^^^^^^
  File "C:\Users\DELL\Envs\ai\Lib\site-packages\django\db\models\query.py", line 635, in get
    num = len(clone)
          ^^^^^^^^^^
  File "C:\Users\DELL\Envs\ai\Lib\site-packages\django\db\models\query.py", line 372, in __len__
    self._fetch_all()
  File "C:\Users\DELL\Envs\ai\Lib\site-packages\django\db\models\query.py", line 2000, in _fetch_all
    self._result_cache = list(self._iterable_class(self))
                         ^^^^^^^^^^^^^^^^^^^^^^^^^^^^^^^^
  File "C:\Users\DELL\Envs\ai\Lib\site-packages\django\db\models\query.py", line 95, in __iter__
    results = compiler.execute_sql(
              ^^^^^^^^^^^^^^^^^^^^^
  File "C:\Users\DELL\Envs\ai\Lib\site-packages\django\db\models\sql\compiler.py", line 1624, in execute_sql
    cursor.execute(sql, params)
  File "C:\Users\DELL\Envs\ai\Lib\site-packages\django\db\backends\utils.py", line 122, in execute
    return super().execute(sql, params)
           ^^^^^^^^^^^^^^^^^^^^^^^^^^^^
  File "C:\Users\DELL\Envs\ai\Lib\site-packages\django\db\backends\utils.py", line 79, in execute
    return self._execute_with_wrappers(
           ^^^^^^^^^^^^^^^^^^^^^^^^^^^^
  File "C:\Users\DELL\Envs\ai\Lib\site-packages\django\db\backends\utils.py", line 92, in _execute_with_wrappers
    return executor(sql, params, many, context)
           ^^^^^^^^^^^^^^^^^^^^^^^^^^^^^^^^^^^^
  File "C:\Users\DELL\Envs\ai\Lib\site-packages\django\db\backends\utils.py", line 100, in _execute
    with self.db.wrap_database_errors:
  File "C:\Users\DELL\Envs\ai\Lib\site-packages\django\db\utils.py", line 94, in __exit__
    raise dj_exc_value.with_traceback(traceback) from exc_value
  File "C:\Users\DELL\Envs\ai\Lib\site-packages\django\db\backends\utils.py", line 105, in _execute
    return self.cursor.execute(sql, params)
           ^^^^^^^^^^^^^^^^^^^^^^^^^^^^^^^^
  File "C:\Users\DELL\Envs\ai\Lib\site-packages\django\db\backends\sqlite3\base.py", line 359, in execute
    return super().execute(query, params)
           ^^^^^^^^^^^^^^^^^^^^^^^^^^^^^^
django.db.utils.OperationalError: no such table: accounts_user

------------------------------

--- EXCEPTION AT /api/accounts/login/ ---
Traceback (most recent call last):
  File "C:\Users\DELL\Envs\ai\Lib\site-packages\django\db\backends\utils.py", line 105, in _execute
    return self.cursor.execute(sql, params)
           ^^^^^^^^^^^^^^^^^^^^^^^^^^^^^^^^
  File "C:\Users\DELL\Envs\ai\Lib\site-packages\django\db\backends\sqlite3\base.py", line 359, in execute
    return super().execute(query, params)
           ^^^^^^^^^^^^^^^^^^^^^^^^^^^^^^
sqlite3.OperationalError: no such table: accounts_user

The above exception was the direct cause of the following exception:

Traceback (most recent call last):
  File "C:\Users\DELL\Envs\ai\Lib\site-packages\django\core\handlers\base.py", line 198, in _get_response
    response = wrapped_callback(request, *callback_args, **callback_kwargs)
               ^^^^^^^^^^^^^^^^^^^^^^^^^^^^^^^^^^^^^^^^^^^^^^^^^^^^^^^^^^^^
  File "C:\Users\DELL\Envs\ai\Lib\site-packages\django\views\decorators\csrf.py", line 65, in _view_wrapper
    return view_func(request, *args, **kwargs)
           ^^^^^^^^^^^^^^^^^^^^^^^^^^^^^^^^^^^
  File "C:\Users\DELL\Envs\ai\Lib\site-packages\django\views\generic\base.py", line 106, in view
    return self.dispatch(request, *args, **kwargs)
           ^^^^^^^^^^^^^^^^^^^^^^^^^^^^^^^^^^^^^^^
  File "C:\Users\DELL\Envs\ai\Lib\site-packages\rest_framework\views.py", line 515, in dispatch
    response = self.handle_exception(exc)
               ^^^^^^^^^^^^^^^^^^^^^^^^^^
  File "C:\Users\DELL\Envs\ai\Lib\site-packages\rest_framework\views.py", line 475, in handle_exception
    self.raise_uncaught_exception(exc)
  File "C:\Users\DELL\Envs\ai\Lib\site-packages\rest_framework\views.py", line 486, in raise_uncaught_exception
    raise exc
  File "C:\Users\DELL\Envs\ai\Lib\site-packages\rest_framework\views.py", line 512, in dispatch
    response = handler(request, *args, **kwargs)
               ^^^^^^^^^^^^^^^^^^^^^^^^^^^^^^^^^
  File "D:\Desktop\Route-Analysis\Backend\accounts\views.py", line 35, in post
    if serializer.is_valid():
       ^^^^^^^^^^^^^^^^^^^^^
  File "C:\Users\DELL\Envs\ai\Lib\site-packages\rest_framework\serializers.py", line 225, in is_valid
    self._validated_data = self.run_validation(self.initial_data)
                           ^^^^^^^^^^^^^^^^^^^^^^^^^^^^^^^^^^^^^^
  File "C:\Users\DELL\Envs\ai\Lib\site-packages\rest_framework\serializers.py", line 459, in run_validation
    value = self.validate(value)
            ^^^^^^^^^^^^^^^^^^^^
  File "D:\Desktop\Route-Analysis\Backend\accounts\serializers.py", line 41, in validate
    user = authenticate(request=self.context.get('request'), email=identifier, password=password)
           ^^^^^^^^^^^^^^^^^^^^^^^^^^^^^^^^^^^^^^^^^^^^^^^^^^^^^^^^^^^^^^^^^^^^^^^^^^^^^^^^^^^^^^
  File "C:\Users\DELL\Envs\ai\Lib\site-packages\django\views\decorators\debug.py", line 75, in sensitive_variables_wrapper
    return func(*func_args, **func_kwargs)
           ^^^^^^^^^^^^^^^^^^^^^^^^^^^^^^^
  File "C:\Users\DELL\Envs\ai\Lib\site-packages\django\contrib\auth\__init__.py", line 114, in authenticate
    user = backend.authenticate(request, **credentials)
           ^^^^^^^^^^^^^^^^^^^^^^^^^^^^^^^^^^^^^^^^^^^^
  File "C:\Users\DELL\Envs\ai\Lib\site-packages\django\contrib\auth\backends.py", line 65, in authenticate
    user = UserModel._default_manager.get_by_natural_key(username)
           ^^^^^^^^^^^^^^^^^^^^^^^^^^^^^^^^^^^^^^^^^^^^^^^^^^^^^^^
  File "C:\Users\DELL\Envs\ai\Lib\site-packages\django\contrib\auth\base_user.py", line 37, in get_by_natural_key
    return self.get(**{self.model.USERNAME_FIELD: username})
           ^^^^^^^^^^^^^^^^^^^^^^^^^^^^^^^^^^^^^^^^^^^^^^^^^
  File "C:\Users\DELL\Envs\ai\Lib\site-packages\django\db\models\manager.py", line 87, in manager_method
    return getattr(self.get_queryset(), name)(*args, **kwargs)
           ^^^^^^^^^^^^^^^^^^^^^^^^^^^^^^^^^^^^^^^^^^^^^^^^^^^
  File "C:\Users\DELL\Envs\ai\Lib\site-packages\django\db\models\query.py", line 635, in get
    num = len(clone)
          ^^^^^^^^^^
  File "C:\Users\DELL\Envs\ai\Lib\site-packages\django\db\models\query.py", line 372, in __len__
    self._fetch_all()
  File "C:\Users\DELL\Envs\ai\Lib\site-packages\django\db\models\query.py", line 2000, in _fetch_all
    self._result_cache = list(self._iterable_class(self))
                         ^^^^^^^^^^^^^^^^^^^^^^^^^^^^^^^^
  File "C:\Users\DELL\Envs\ai\Lib\site-packages\django\db\models\query.py", line 95, in __iter__
    results = compiler.execute_sql(
              ^^^^^^^^^^^^^^^^^^^^^
  File "C:\Users\DELL\Envs\ai\Lib\site-packages\django\db\models\sql\compiler.py", line 1624, in execute_sql
    cursor.execute(sql, params)
  File "C:\Users\DELL\Envs\ai\Lib\site-packages\django\db\backends\utils.py", line 122, in execute
    return super().execute(sql, params)
           ^^^^^^^^^^^^^^^^^^^^^^^^^^^^
  File "C:\Users\DELL\Envs\ai\Lib\site-packages\django\db\backends\utils.py", line 79, in execute
    return self._execute_with_wrappers(
           ^^^^^^^^^^^^^^^^^^^^^^^^^^^^
  File "C:\Users\DELL\Envs\ai\Lib\site-packages\django\db\backends\utils.py", line 92, in _execute_with_wrappers
    return executor(sql, params, many, context)
           ^^^^^^^^^^^^^^^^^^^^^^^^^^^^^^^^^^^^
  File "C:\Users\DELL\Envs\ai\Lib\site-packages\django\db\backends\utils.py", line 100, in _execute
    with self.db.wrap_database_errors:
  File "C:\Users\DELL\Envs\ai\Lib\site-packages\django\db\utils.py", line 94, in __exit__
    raise dj_exc_value.with_traceback(traceback) from exc_value
  File "C:\Users\DELL\Envs\ai\Lib\site-packages\django\db\backends\utils.py", line 105, in _execute
    return self.cursor.execute(sql, params)
           ^^^^^^^^^^^^^^^^^^^^^^^^^^^^^^^^
  File "C:\Users\DELL\Envs\ai\Lib\site-packages\django\db\backends\sqlite3\base.py", line 359, in execute
    return super().execute(query, params)
           ^^^^^^^^^^^^^^^^^^^^^^^^^^^^^^
django.db.utils.OperationalError: no such table: accounts_user

------------------------------

--- API ERROR AT 2026-05-19 10:35:59.240016+00:00 ---
Source: Hyderabad, Dest: Vijayawada, Via: 
Error: Unable to fetch route analysis at the moment
------------------------------

--- API ERROR AT 2026-05-19 10:46:49.628837+00:00 ---
Source: Hyderabad, Dest: Vijayawada, Via: 
Error: Unable to fetch route analysis at the moment
------------------------------

--- API ERROR AT 2026-05-19 10:51:49.917538+00:00 ---
Source: Hyderabad, Dest: Vijayawada, Via: 
Error: Unable to fetch route analysis at the moment
------------------------------

--- API ERROR AT 2026-06-01 09:22:23.607414+00:00 ---
Source: Chennai, Dest: Coimbatore, Via: 
Error: Unable to fetch route analysis at the moment
------------------------------

--- API ERROR AT 2026-06-01 09:22:34.779844+00:00 ---
Source: Chennai, Dest: Coimbatore, Via: 
Error: Unable to fetch route analysis at the moment
------------------------------

--- API ERROR AT 2026-06-01 09:27:35.358901+00:00 ---
Source: Chennai, Dest: Coimbatore, Via: 
Error: Unable to fetch route analysis at the moment
------------------------------

--- API ERROR AT 2026-06-01 09:27:35.370895+00:00 ---
Source: Chennai, Dest: Coimbatore, Via: 
Error: Unable to fetch route analysis at the moment
------------------------------

<<<<<<< HEAD
--- API ERROR AT 2026-06-03 09:31:04.631594+00:00 ---
Source: coimbatore, Dest: chennai, Via: 
Error: OSRM request failed: HTTPSConnectionPool(host='router.project-osrm.org', port=443): Max retries exceeded with url: /route/v1/driving/76.96612,11.00555;80.27847,13.08784?overview=false (Caused by NameResolutionError("HTTPSConnection(host='router.project-osrm.org', port=443): Failed to resolve 'router.project-osrm.org' ([Errno 11001] getaddrinfo failed)"))
=======
--- API ERROR AT 2026-06-02 07:14:34.047551+00:00 ---
Source: Tirupati, Dest: Rameswaram, Via: Tiruvannamalai
Error: Unable to fetch route analysis at the moment
>>>>>>> 9fd872aa82b47291fd129db9b2ea9917031ea743
------------------------------

<<<<<<< HEAD
--- API ERROR AT 2026-06-04 11:14:44.663940+00:00 ---
Source: Chennai, Dest: Coimbatore, Via: 
Error: Unable to fetch route analysis at the moment
------------------------------

--- API ERROR AT 2026-06-04 11:14:44.674588+00:00 ---
Source: Chennai, Dest: Coimbatore, Via: 
Error: Unable to fetch route analysis at the moment
------------------------------

--- API ERROR AT 2026-06-04 11:19:47.664195+00:00 ---
Source: Hyderabad, Dest: Vijayawada, Via: 
Error: Unable to fetch route analysis at the moment
------------------------------

--- API ERROR AT 2026-06-04 11:19:47.669249+00:00 ---
Source: Hyderabad, Dest: Vijayawada, Via: 
Error: Unable to fetch route analysis at the moment
------------------------------

--- API ERROR AT 2026-06-05 05:40:29.016133+00:00 ---
Source: Coimbatore, Dest: Chennai, Via: 
Error: Unable to fetch route analysis at the moment
------------------------------

--- API ERROR AT 2026-06-05 05:56:34.548739+00:00 ---
Source: Coimbatore, Dest: Thanjavur, Via: 
Error: Unable to fetch route analysis at the moment
------------------------------

--- API ERROR AT 2026-06-05 05:59:05.798451+00:00 ---
Source: Pune, Dest: Mumbai, Via: 
Error: Unable to fetch route analysis at the moment
------------------------------

--- API ERROR AT 2026-06-05 05:59:05.893759+00:00 ---
Source: Pune, Dest: Mumbai, Via: 
Error: Unable to fetch route analysis at the moment
------------------------------

--- API ERROR AT 2026-06-05 06:41:20.111769+00:00 ---
=======
--- API ERROR AT 2026-06-04 07:48:29.352572+00:00 ---
Source: Coimbatore, Dest: Chennai, Via: 
Error: OSRM request failed: HTTPSConnectionPool(host='router.project-osrm.org', port=443): Max retries exceeded with url: /route/v1/driving/76.96612,11.00555;80.27847,13.08784?overview=false (Caused by NameResolutionError("HTTPSConnection(host='router.project-osrm.org', port=443): Failed to resolve 'router.project-osrm.org' ([Errno 11001] getaddrinfo failed)"))
------------------------------

--- API ERROR AT 2026-06-05 05:55:49.371962+00:00 ---
Source: hyderabad, Dest: vijayawada, Via: 
Error: Unable to fetch route analysis at the moment
------------------------------

--- API ERROR AT 2026-06-05 05:57:04.995476+00:00 ---
Source: hyderabad, Dest: vijayawada, Via: 
Error: Unable to fetch route analysis at the moment
------------------------------

--- API ERROR AT 2026-06-05 06:38:18.936273+00:00 ---
>>>>>>> 31f82edd086dfbddc06076923ea595625a1ac679
Source: Hyderabad, Dest: Vijayawada, Via: 
Error: Unable to fetch route analysis at the moment
------------------------------

<<<<<<< HEAD
--- API ERROR AT 2026-06-05 06:47:19.446422+00:00 ---
=======
--- API ERROR AT 2026-06-05 06:43:16.019703+00:00 ---
>>>>>>> 31f82edd086dfbddc06076923ea595625a1ac679
Source: Hyderabad, Dest: Vijayawada, Via: 
Error: Unable to fetch route analysis at the moment
------------------------------

<<<<<<< HEAD
--- API ERROR AT 2026-06-05 06:53:26.208454+00:00 ---
=======
--- API ERROR AT 2026-06-05 06:44:47.881615+00:00 ---
Source: Bengaluru, Dest: Chennai, Via: 
Error: Unable to fetch route analysis at the moment
------------------------------

--- API ERROR AT 2026-06-05 06:44:47.882754+00:00 ---
Source: Bengaluru, Dest: Chennai, Via: 
Error: Unable to fetch route analysis at the moment
------------------------------

--- API ERROR AT 2026-06-05 06:45:25.204808+00:00 ---
>>>>>>> 31f82edd086dfbddc06076923ea595625a1ac679
Source: Hyderabad, Dest: Vijayawada, Via: 
Error: Unable to fetch route analysis at the moment
------------------------------

<<<<<<< HEAD
--- API ERROR AT 2026-06-05 06:53:26.309699+00:00 ---
=======
--- API ERROR AT 2026-06-05 06:45:25.205675+00:00 ---
>>>>>>> 31f82edd086dfbddc06076923ea595625a1ac679
Source: Hyderabad, Dest: Vijayawada, Via: 
Error: Unable to fetch route analysis at the moment
------------------------------

<<<<<<< HEAD
--- API ERROR AT 2026-06-05 06:54:34.550718+00:00 ---
=======
--- API ERROR AT 2026-06-05 06:47:12.519823+00:00 ---
Source: Chennai, Dest: Coimbatore, Via: 
Error: Unable to fetch route analysis at the moment
------------------------------

--- API ERROR AT 2026-06-05 06:47:12.522017+00:00 ---
Source: Chennai, Dest: Coimbatore, Via: 
Error: Unable to fetch route analysis at the moment
------------------------------

--- API ERROR AT 2026-06-05 06:48:36.342361+00:00 ---
>>>>>>> 31f82edd086dfbddc06076923ea595625a1ac679
Source: Hyderabad, Dest: Vijayawada, Via: 
Error: Unable to fetch route analysis at the moment
------------------------------

<<<<<<< HEAD
--- API ERROR AT 2026-06-05 06:54:34.561408+00:00 ---
=======
--- API ERROR AT 2026-06-05 06:48:36.343470+00:00 ---
>>>>>>> 31f82edd086dfbddc06076923ea595625a1ac679
Source: Hyderabad, Dest: Vijayawada, Via: 
Error: Unable to fetch route analysis at the moment
------------------------------

<<<<<<< HEAD
--- API ERROR AT 2026-06-05 06:56:54.172999+00:00 ---
=======
--- API ERROR AT 2026-06-05 09:41:43.524733+00:00 ---
Source: Bengaluru, Dest: Coimbatore, Via: 
Error: Unable to fetch route analysis at the moment
------------------------------

--- API ERROR AT 2026-06-05 09:46:43.521366+00:00 ---
Source: Bengaluru, Dest: Coimbatore, Via: 
Error: Unable to fetch route analysis at the moment
------------------------------

--- API ERROR AT 2026-06-05 09:57:51.643926+00:00 ---
Source: Bengaluru, Dest: Coimbatore, Via: 
Error: Unable to fetch route analysis at the moment
------------------------------

--- API ERROR AT 2026-06-05 10:01:11.775452+00:00 ---
>>>>>>> 31f82edd086dfbddc06076923ea595625a1ac679
Source: Hyderabad, Dest: Vijayawada, Via: 
Error: Unable to fetch route analysis at the moment
------------------------------

<<<<<<< HEAD
--- API ERROR AT 2026-06-05 06:56:54.215136+00:00 ---
=======
--- API ERROR AT 2026-06-05 10:01:11.796800+00:00 ---
>>>>>>> 31f82edd086dfbddc06076923ea595625a1ac679
Source: Hyderabad, Dest: Vijayawada, Via: 
Error: Unable to fetch route analysis at the moment
------------------------------

<<<<<<< HEAD
--- API ERROR AT 2026-06-05 07:17:39.871081+00:00 ---
=======
--- API ERROR AT 2026-06-05 10:01:37.202812+00:00 ---
>>>>>>> 31f82edd086dfbddc06076923ea595625a1ac679
Source: Hyderabad, Dest: Vijayawada, Via: 
Error: Unable to fetch route analysis at the moment
------------------------------

<<<<<<< HEAD
--- API ERROR AT 2026-06-05 07:35:27.175911+00:00 ---
=======
--- API ERROR AT 2026-06-05 10:01:37.361504+00:00 ---
>>>>>>> 31f82edd086dfbddc06076923ea595625a1ac679
Source: Hyderabad, Dest: Vijayawada, Via: 
Error: Unable to fetch route analysis at the moment
------------------------------

<<<<<<< HEAD
--- API ERROR AT 2026-06-05 09:39:50.578880+00:00 ---
Source: Coimbatore, Dest: Trichy, Via: 
Error: Unable to fetch route analysis at the moment
------------------------------

--- API ERROR AT 2026-06-05 09:39:50.677552+00:00 ---
Source: Coimbatore, Dest: Trichy, Via: 
Error: Unable to fetch route analysis at the moment
------------------------------

--- API ERROR AT 2026-06-05 10:12:01.692777+00:00 ---
Source: Coimbatore, Dest: Trichy, Via: 
Error: Unable to fetch route analysis at the moment
------------------------------

--- API ERROR AT 2026-06-05 10:12:01.807008+00:00 ---
Source: Coimbatore, Dest: Trichy, Via: 
Error: Unable to fetch route analysis at the moment
------------------------------

--- API ERROR AT 2026-06-05 10:40:03.289012+00:00 ---
Source: Coimbatore, Dest: Trichy, Via: 
Error: Unable to fetch route analysis at the moment
------------------------------

--- API ERROR AT 2026-06-05 10:40:04.287090+00:00 ---
Source: Coimbatore, Dest: Trichy, Via: 
Error: Unable to fetch route analysis at the moment
------------------------------

--- API ERROR AT 2026-06-05 10:52:05.255442+00:00 ---
=======
--- API ERROR AT 2026-06-05 10:02:16.013643+00:00 ---
>>>>>>> 31f82edd086dfbddc06076923ea595625a1ac679
Source: Hyderabad, Dest: Vijayawada, Via: 
Error: Unable to fetch route analysis at the moment
------------------------------

<<<<<<< HEAD
--- API ERROR AT 2026-06-05 10:52:05.343849+00:00 ---
=======
--- API ERROR AT 2026-06-05 10:02:16.015973+00:00 ---
>>>>>>> 31f82edd086dfbddc06076923ea595625a1ac679
Source: Hyderabad, Dest: Vijayawada, Via: 
Error: Unable to fetch route analysis at the moment
------------------------------

<<<<<<< HEAD
--- API ERROR AT 2026-06-05 10:59:03.834548+00:00 ---
=======
--- API ERROR AT 2026-06-05 10:02:54.201539+00:00 ---
>>>>>>> 31f82edd086dfbddc06076923ea595625a1ac679
Source: Hyderabad, Dest: Vijayawada, Via: 
Error: Unable to fetch route analysis at the moment
------------------------------

<<<<<<< HEAD
--- API ERROR AT 2026-06-05 10:59:03.849177+00:00 ---
=======
--- API ERROR AT 2026-06-05 10:02:54.380455+00:00 ---
Source: Hyderabad, Dest: Vijayawada, Via: 
Error: Unable to fetch route analysis at the moment
------------------------------

--- API ERROR AT 2026-06-05 10:04:31.473584+00:00 ---
Source: Hyderabad, Dest: Vijayawada, Via: 
Error: Unable to fetch route analysis at the moment
------------------------------

--- API ERROR AT 2026-06-05 10:04:31.479024+00:00 ---
>>>>>>> 31f82edd086dfbddc06076923ea595625a1ac679
Source: Hyderabad, Dest: Vijayawada, Via: 
Error: Unable to fetch route analysis at the moment
------------------------------

--- API ERROR AT 2026-06-08 10:18:04.942904+00:00 ---
Source: Hyderabad, Dest: Vijayawada, Via: 
Error: Unable to fetch route analysis at the moment
------------------------------
